DIR /home/azurebrd/public_html/sanger/alp_class TO /home/azurebrd/git/caltech-curation-services/curation/old_scripts_and_forms/azurebrd/public_html/sanger/alp_class DIR
DIR /home/azurebrd/public_html/sanger/gene_postgres TO /home/azurebrd/git/caltech-curation-services/curation/old_scripts_and_forms/azurebrd/public_html/sanger/gene_postgres DIR
DIR /home/azurebrd/public_html/sanger/gene_rnai_variation_transgene TO /home/azurebrd/git/caltech-curation-services/curation/old_scripts_and_forms/azurebrd/public_html/sanger/gene_rnai_variation_transgene DIR
DIR /home/azurebrd/public_html/sanger/gene_synonyms TO /home/azurebrd/git/caltech-curation-services/curation/old_scripts_and_forms/azurebrd/public_html/sanger/gene_synonyms DIR
DIR /home/azurebrd/public_html/sanger/labs TO /home/azurebrd/git/caltech-curation-services/curation/old_scripts_and_forms/azurebrd/public_html/sanger/labs DIR
DIR /home/azurebrd/public_html/sanger/old TO /home/azurebrd/git/caltech-curation-services/curation/old_scripts_and_forms/azurebrd/public_html/sanger/old DIR
DIR /home/azurebrd/public_html/sanger/wbbt TO /home/azurebrd/git/caltech-curation-services/curation/old_scripts_and_forms/azurebrd/public_html/sanger/wbbt DIR
DIR /home/azurebrd/public_html/sanger/wormbaseheader TO /home/azurebrd/git/caltech-curation-services/curation/old_scripts_and_forms/azurebrd/public_html/sanger/wormbaseheader DIR
DIR /home/azurebrd/public_html/sanger/gene_postgres/old TO /home/azurebrd/git/caltech-curation-services/curation/old_scripts_and_forms/azurebrd/public_html/sanger/gene_postgres/old DIR
DIR /home/azurebrd/public_html/sanger/gene_postgres/update_old_forms TO /home/azurebrd/git/caltech-curation-services/curation/old_scripts_and_forms/azurebrd/public_html/sanger/gene_postgres/update_old_forms DIR
DIR /home/azurebrd/public_html/sanger/gene_rnai_variation_transgene/old TO /home/azurebrd/git/caltech-curation-services/curation/old_scripts_and_forms/azurebrd/public_html/sanger/gene_rnai_variation_transgene/old DIR
DIR /home/azurebrd/public_html/sanger/old/archive TO /home/azurebrd/git/caltech-curation-services/curation/old_scripts_and_forms/azurebrd/public_html/sanger/old/archive DIR
DIR /home/azurebrd/public_html/sanger/old/temp TO /home/azurebrd/git/caltech-curation-services/curation/old_scripts_and_forms/azurebrd/public_html/sanger/old/temp DIR
DIR /home/azurebrd/public_html/sanger/wormbaseheader/old TO /home/azurebrd/git/caltech-curation-services/curation/old_scripts_and_forms/azurebrd/public_html/sanger/wormbaseheader/old DIR
DIR /home/azurebrd/public_html/sanger/wormbaseheader/temp TO /home/azurebrd/git/caltech-curation-services/curation/old_scripts_and_forms/azurebrd/public_html/sanger/wormbaseheader/temp DIR
FILE /home/azurebrd/public_html/sanger/alp_class/update_class.pl TO /home/azurebrd/git/caltech-curation-services/curation/old_scripts_and_forms/azurebrd/public_html/sanger/alp_class/update_class.pl FILE
FILE /home/azurebrd/public_html/sanger/gene_postgres/check_name_vs_ace.pl TO /home/azurebrd/git/caltech-curation-services/curation/old_scripts_and_forms/azurebrd/public_html/sanger/gene_postgres/check_name_vs_ace.pl FILE
FILE /home/azurebrd/public_html/sanger/gene_postgres/populate_gin.pl TO /home/azurebrd/git/caltech-curation-services/curation/old_scripts_and_forms/azurebrd/public_html/sanger/gene_postgres/populate_gin.pl FILE
FILE /home/azurebrd/public_html/sanger/gene_postgres/populate_gin_locus.pl TO /home/azurebrd/git/caltech-curation-services/curation/old_scripts_and_forms/azurebrd/public_html/sanger/gene_postgres/populate_gin_locus.pl FILE
FILE /home/azurebrd/public_html/sanger/gene_postgres/populate_seq_loc.pl TO /home/azurebrd/git/caltech-curation-services/curation/old_scripts_and_forms/azurebrd/public_html/sanger/gene_postgres/populate_seq_loc.pl FILE
FILE /home/azurebrd/public_html/sanger/gene_postgres/populate_seq_loc_wrapper.pl TO /home/azurebrd/git/caltech-curation-services/curation/old_scripts_and_forms/azurebrd/public_html/sanger/gene_postgres/populate_seq_loc_wrapper.pl FILE
FILE /home/azurebrd/public_html/sanger/gene_postgres/wrapper.pl TO /home/azurebrd/git/caltech-curation-services/curation/old_scripts_and_forms/azurebrd/public_html/sanger/gene_postgres/wrapper.pl FILE
FILE /home/azurebrd/public_html/sanger/gene_rnai_variation_transgene/update_gene_rnai_variation_transgene.pl TO /home/azurebrd/git/caltech-curation-services/curation/old_scripts_and_forms/azurebrd/public_html/sanger/gene_rnai_variation_transgene/update_gene_rnai_variation_transgene.pl FILE
FILE /home/azurebrd/public_html/sanger/gene_synonyms/get_syn.pl TO /home/azurebrd/git/caltech-curation-services/curation/old_scripts_and_forms/azurebrd/public_html/sanger/gene_synonyms/get_syn.pl FILE
FILE /home/azurebrd/public_html/sanger/labs/labs.pl TO /home/azurebrd/git/caltech-curation-services/curation/old_scripts_and_forms/azurebrd/public_html/sanger/labs/labs.pl FILE
FILE /home/azurebrd/public_html/sanger/old/update_loci.pl TO /home/azurebrd/git/caltech-curation-services/curation/old_scripts_and_forms/azurebrd/public_html/sanger/old/update_loci.pl FILE
FILE /home/azurebrd/public_html/sanger/wormbaseheader/mainmin2.css TO /home/azurebrd/git/caltech-curation-services/curation/old_scripts_and_forms/azurebrd/public_html/sanger/wormbaseheader/mainmin2.css FILE
FILE /home/azurebrd/public_html/sanger/wormbaseheader/test.js TO /home/azurebrd/git/caltech-curation-services/curation/old_scripts_and_forms/azurebrd/public_html/sanger/wormbaseheader/test.js FILE
FILE /home/azurebrd/public_html/sanger/wormbaseheader/update_wormbase_header.pl TO /home/azurebrd/git/caltech-curation-services/curation/old_scripts_and_forms/azurebrd/public_html/sanger/wormbaseheader/update_wormbase_header.pl FILE
FILE /home/azurebrd/public_html/sanger/wormbaseheader/wormbase.css TO /home/azurebrd/git/caltech-curation-services/curation/old_scripts_and_forms/azurebrd/public_html/sanger/wormbaseheader/wormbase.css FILE
FILE /home/azurebrd/public_html/sanger/wormbaseheader/wormbase.js TO /home/azurebrd/git/caltech-curation-services/curation/old_scripts_and_forms/azurebrd/public_html/sanger/wormbaseheader/wormbase.js FILE
FILE /home/azurebrd/public_html/sanger/wormbaseheader/wormbase.min.js TO /home/azurebrd/git/caltech-curation-services/curation/old_scripts_and_forms/azurebrd/public_html/sanger/wormbaseheader/wormbase.min.js FILE
FILE /home/azurebrd/public_html/sanger/wormbaseheader/wormbase_tazendra.js TO /home/azurebrd/git/caltech-curation-services/curation/old_scripts_and_forms/azurebrd/public_html/sanger/wormbaseheader/wormbase_tazendra.js FILE
FILE /home/azurebrd/public_html/sanger/gene_postgres/update_old_forms/find_lociall.pl TO /home/azurebrd/git/caltech-curation-services/curation/old_scripts_and_forms/azurebrd/public_html/sanger/gene_postgres/update_old_forms/find_lociall.pl FILE
FILE /home/azurebrd/public_html/sanger/wormbaseheader/temp/update_wormbase_header.pl TO /home/azurebrd/git/caltech-curation-services/curation/old_scripts_and_forms/azurebrd/public_html/sanger/wormbaseheader/temp/update_wormbase_header.pl FILE
