DIR /home/azurebrd/work/massmail/20030225 TO /home/azurebrd/git/caltech-curation-services/curation/old_scripts_and_forms/azurebrd/massmail/20030225 DIR
DIR /home/azurebrd/work/massmail/20031028 TO /home/azurebrd/git/caltech-curation-services/curation/old_scripts_and_forms/azurebrd/massmail/20031028 DIR
DIR /home/azurebrd/work/massmail/20040217 TO /home/azurebrd/git/caltech-curation-services/curation/old_scripts_and_forms/azurebrd/massmail/20040217 DIR
DIR /home/azurebrd/work/massmail/20040309Puoti TO /home/azurebrd/git/caltech-curation-services/curation/old_scripts_and_forms/azurebrd/massmail/20040309Puoti DIR
DIR /home/azurebrd/work/massmail/20040504 TO /home/azurebrd/git/caltech-curation-services/curation/old_scripts_and_forms/azurebrd/massmail/20040504 DIR
DIR /home/azurebrd/work/massmail/20040809 TO /home/azurebrd/git/caltech-curation-services/curation/old_scripts_and_forms/azurebrd/massmail/20040809 DIR
DIR /home/azurebrd/work/massmail/20041112Chalfie TO /home/azurebrd/git/caltech-curation-services/curation/old_scripts_and_forms/azurebrd/massmail/20041112Chalfie DIR
DIR /home/azurebrd/work/massmail/20050222 TO /home/azurebrd/git/caltech-curation-services/curation/old_scripts_and_forms/azurebrd/massmail/20050222 DIR
DIR /home/azurebrd/work/massmail/20050421 TO /home/azurebrd/git/caltech-curation-services/curation/old_scripts_and_forms/azurebrd/massmail/20050421 DIR
DIR /home/azurebrd/work/massmail/20050621 TO /home/azurebrd/git/caltech-curation-services/curation/old_scripts_and_forms/azurebrd/massmail/20050621 DIR
DIR /home/azurebrd/work/massmail/20051024survey TO /home/azurebrd/git/caltech-curation-services/curation/old_scripts_and_forms/azurebrd/massmail/20051024survey DIR
DIR /home/azurebrd/work/massmail/20051028survey2 TO /home/azurebrd/git/caltech-curation-services/curation/old_scripts_and_forms/azurebrd/massmail/20051028survey2 DIR
DIR /home/azurebrd/work/massmail/20060112 TO /home/azurebrd/git/caltech-curation-services/curation/old_scripts_and_forms/azurebrd/massmail/20060112 DIR
DIR /home/azurebrd/work/massmail/20060324toPIs TO /home/azurebrd/git/caltech-curation-services/curation/old_scripts_and_forms/azurebrd/massmail/20060324toPIs DIR
DIR /home/azurebrd/work/massmail/20060603 TO /home/azurebrd/git/caltech-curation-services/curation/old_scripts_and_forms/azurebrd/massmail/20060603 DIR
DIR /home/azurebrd/work/massmail/20061117 TO /home/azurebrd/git/caltech-curation-services/curation/old_scripts_and_forms/azurebrd/massmail/20061117 DIR
DIR /home/azurebrd/work/massmail/20070226 TO /home/azurebrd/git/caltech-curation-services/curation/old_scripts_and_forms/azurebrd/massmail/20070226 DIR
DIR /home/azurebrd/work/massmail/20070718 TO /home/azurebrd/git/caltech-curation-services/curation/old_scripts_and_forms/azurebrd/massmail/20070718 DIR
DIR /home/azurebrd/work/massmail/20071219toPIs TO /home/azurebrd/git/caltech-curation-services/curation/old_scripts_and_forms/azurebrd/massmail/20071219toPIs DIR
DIR /home/azurebrd/work/massmail/20080206toPIs TO /home/azurebrd/git/caltech-curation-services/curation/old_scripts_and_forms/azurebrd/massmail/20080206toPIs DIR
DIR /home/azurebrd/work/massmail/20080428_Pathogenics TO /home/azurebrd/git/caltech-curation-services/curation/old_scripts_and_forms/azurebrd/massmail/20080428_Pathogenics DIR
DIR /home/azurebrd/work/massmail/20080530_Pathogenics2 TO /home/azurebrd/git/caltech-curation-services/curation/old_scripts_and_forms/azurebrd/massmail/20080530_Pathogenics2 DIR
DIR /home/azurebrd/work/massmail/20081009 TO /home/azurebrd/git/caltech-curation-services/curation/old_scripts_and_forms/azurebrd/massmail/20081009 DIR
DIR /home/azurebrd/work/massmail/20090120toPIsNOTSENT TO /home/azurebrd/git/caltech-curation-services/curation/old_scripts_and_forms/azurebrd/massmail/20090120toPIsNOTSENT DIR
DIR /home/azurebrd/work/massmail/20090207toPIs TO /home/azurebrd/git/caltech-curation-services/curation/old_scripts_and_forms/azurebrd/massmail/20090207toPIs DIR
DIR /home/azurebrd/work/massmail/20090416 TO /home/azurebrd/git/caltech-curation-services/curation/old_scripts_and_forms/azurebrd/massmail/20090416 DIR
DIR /home/azurebrd/work/massmail/20091019_Jane TO /home/azurebrd/git/caltech-curation-services/curation/old_scripts_and_forms/azurebrd/massmail/20091019_Jane DIR
DIR /home/azurebrd/work/massmail/20091120_JulieAhringer TO /home/azurebrd/git/caltech-curation-services/curation/old_scripts_and_forms/azurebrd/massmail/20091120_JulieAhringer DIR
DIR /home/azurebrd/work/massmail/20091215_Jane TO /home/azurebrd/git/caltech-curation-services/curation/old_scripts_and_forms/azurebrd/massmail/20091215_Jane DIR
DIR /home/azurebrd/work/massmail/20100302_Madison TO /home/azurebrd/git/caltech-curation-services/curation/old_scripts_and_forms/azurebrd/massmail/20100302_Madison DIR
DIR /home/azurebrd/work/massmail/20100329-Ahringer TO /home/azurebrd/git/caltech-curation-services/curation/old_scripts_and_forms/azurebrd/massmail/20100329-Ahringer DIR
DIR /home/azurebrd/work/massmail/20100419_Jane TO /home/azurebrd/git/caltech-curation-services/curation/old_scripts_and_forms/azurebrd/massmail/20100419_Jane DIR
DIR /home/azurebrd/work/massmail/20100510_Madison2 TO /home/azurebrd/git/caltech-curation-services/curation/old_scripts_and_forms/azurebrd/massmail/20100510_Madison2 DIR
DIR /home/azurebrd/work/massmail/20101005_Moerman TO /home/azurebrd/git/caltech-curation-services/curation/old_scripts_and_forms/azurebrd/massmail/20101005_Moerman DIR
DIR /home/azurebrd/work/massmail/20110612_Jane TO /home/azurebrd/git/caltech-curation-services/curation/old_scripts_and_forms/azurebrd/massmail/20110612_Jane DIR
DIR /home/azurebrd/work/massmail/20111110_Jane TO /home/azurebrd/git/caltech-curation-services/curation/old_scripts_and_forms/azurebrd/massmail/20111110_Jane DIR
DIR /home/azurebrd/work/massmail/20111206_toPIs_development TO /home/azurebrd/git/caltech-curation-services/curation/old_scripts_and_forms/azurebrd/massmail/20111206_toPIs_development DIR
DIR /home/azurebrd/work/massmail/20120128_Jansen_neurobiology TO /home/azurebrd/git/caltech-curation-services/curation/old_scripts_and_forms/azurebrd/massmail/20120128_Jansen_neurobiology DIR
DIR /home/azurebrd/work/massmail/20120310_aging TO /home/azurebrd/git/caltech-curation-services/curation/old_scripts_and_forms/azurebrd/massmail/20120310_aging DIR
DIR /home/azurebrd/work/massmail/20120315_development TO /home/azurebrd/git/caltech-curation-services/curation/old_scripts_and_forms/azurebrd/massmail/20120315_development DIR
DIR /home/azurebrd/work/massmail/20120323_eastasia TO /home/azurebrd/git/caltech-curation-services/curation/old_scripts_and_forms/azurebrd/massmail/20120323_eastasia DIR
DIR /home/azurebrd/work/massmail/20120324_newsite TO /home/azurebrd/git/caltech-curation-services/curation/old_scripts_and_forms/azurebrd/massmail/20120324_newsite DIR
DIR /home/azurebrd/work/massmail/20120417_aging TO /home/azurebrd/git/caltech-curation-services/curation/old_scripts_and_forms/azurebrd/massmail/20120417_aging DIR
DIR /home/azurebrd/work/massmail/20120430_Jane TO /home/azurebrd/git/caltech-curation-services/curation/old_scripts_and_forms/azurebrd/massmail/20120430_Jane DIR
DIR /home/azurebrd/work/massmail/20120510_Jane TO /home/azurebrd/git/caltech-curation-services/curation/old_scripts_and_forms/azurebrd/massmail/20120510_Jane DIR
DIR /home/azurebrd/work/massmail/20121128_Jane TO /home/azurebrd/git/caltech-curation-services/curation/old_scripts_and_forms/azurebrd/massmail/20121128_Jane DIR
DIR /home/azurebrd/work/massmail/20140503_PIs_Madison TO /home/azurebrd/git/caltech-curation-services/curation/old_scripts_and_forms/azurebrd/massmail/20140503_PIs_Madison DIR
DIR /home/azurebrd/work/massmail/20160426_Jane TO /home/azurebrd/git/caltech-curation-services/curation/old_scripts_and_forms/azurebrd/massmail/20160426_Jane DIR
DIR /home/azurebrd/work/massmail/20170915_Ceci TO /home/azurebrd/git/caltech-curation-services/curation/old_scripts_and_forms/azurebrd/massmail/20170915_Ceci DIR
DIR /home/azurebrd/work/massmail/20201016_webinar_emails TO /home/azurebrd/git/caltech-curation-services/curation/old_scripts_and_forms/azurebrd/massmail/20201016_webinar_emails DIR
DIR /home/azurebrd/work/massmail/20201103_webinar_PIs TO /home/azurebrd/git/caltech-curation-services/curation/old_scripts_and_forms/azurebrd/massmail/20201103_webinar_PIs DIR
DIR /home/azurebrd/work/massmail/20201105_webinar_emails TO /home/azurebrd/git/caltech-curation-services/curation/old_scripts_and_forms/azurebrd/massmail/20201105_webinar_emails DIR
DIR /home/azurebrd/work/massmail/20201108_webinar_emails TO /home/azurebrd/git/caltech-curation-services/curation/old_scripts_and_forms/azurebrd/massmail/20201108_webinar_emails DIR
DIR /home/azurebrd/work/massmail/20201117_webinar_emails TO /home/azurebrd/git/caltech-curation-services/curation/old_scripts_and_forms/azurebrd/massmail/20201117_webinar_emails DIR
DIR /home/azurebrd/work/massmail/20201119_webinar_emails TO /home/azurebrd/git/caltech-curation-services/curation/old_scripts_and_forms/azurebrd/massmail/20201119_webinar_emails DIR
DIR /home/azurebrd/work/massmail/20201215_webinar_emails TO /home/azurebrd/git/caltech-curation-services/curation/old_scripts_and_forms/azurebrd/massmail/20201215_webinar_emails DIR
DIR /home/azurebrd/work/massmail/20201217_webinar_emails TO /home/azurebrd/git/caltech-curation-services/curation/old_scripts_and_forms/azurebrd/massmail/20201217_webinar_emails DIR
DIR /home/azurebrd/work/massmail/20210108_webinar_emails TO /home/azurebrd/git/caltech-curation-services/curation/old_scripts_and_forms/azurebrd/massmail/20210108_webinar_emails DIR
DIR /home/azurebrd/work/massmail/20210110_webinar_emails TO /home/azurebrd/git/caltech-curation-services/curation/old_scripts_and_forms/azurebrd/massmail/20210110_webinar_emails DIR
DIR /home/azurebrd/work/massmail/20210218_webinar_emails TO /home/azurebrd/git/caltech-curation-services/curation/old_scripts_and_forms/azurebrd/massmail/20210218_webinar_emails DIR
DIR /home/azurebrd/work/massmail/20210221_webinar_emails TO /home/azurebrd/git/caltech-curation-services/curation/old_scripts_and_forms/azurebrd/massmail/20210221_webinar_emails DIR
DIR /home/azurebrd/work/massmail/20210223_webinar_emails TO /home/azurebrd/git/caltech-curation-services/curation/old_scripts_and_forms/azurebrd/massmail/20210223_webinar_emails DIR
DIR /home/azurebrd/work/massmail/20210225_webinar_emails TO /home/azurebrd/git/caltech-curation-services/curation/old_scripts_and_forms/azurebrd/massmail/20210225_webinar_emails DIR
DIR /home/azurebrd/work/massmail/20210304_webinar_emails TO /home/azurebrd/git/caltech-curation-services/curation/old_scripts_and_forms/azurebrd/massmail/20210304_webinar_emails DIR
DIR /home/azurebrd/work/massmail/20210306_webinar_emails TO /home/azurebrd/git/caltech-curation-services/curation/old_scripts_and_forms/azurebrd/massmail/20210306_webinar_emails DIR
DIR /home/azurebrd/work/massmail/20210319_webinar_email TO /home/azurebrd/git/caltech-curation-services/curation/old_scripts_and_forms/azurebrd/massmail/20210319_webinar_email DIR
DIR /home/azurebrd/work/massmail/20210320_webinar_emails TO /home/azurebrd/git/caltech-curation-services/curation/old_scripts_and_forms/azurebrd/massmail/20210320_webinar_emails DIR
DIR /home/azurebrd/work/massmail/clean_emails TO /home/azurebrd/git/caltech-curation-services/curation/old_scripts_and_forms/azurebrd/massmail/clean_emails DIR
DIR /home/azurebrd/work/massmail/European TO /home/azurebrd/git/caltech-curation-services/curation/old_scripts_and_forms/azurebrd/massmail/European DIR
DIR /home/azurebrd/work/massmail/parseBounce TO /home/azurebrd/git/caltech-curation-services/curation/old_scripts_and_forms/azurebrd/massmail/parseBounce DIR
DIR /home/azurebrd/work/massmail/clean_emails/20051104 TO /home/azurebrd/git/caltech-curation-services/curation/old_scripts_and_forms/azurebrd/massmail/clean_emails/20051104 DIR
DIR /home/azurebrd/work/massmail/clean_emails/20060112 TO /home/azurebrd/git/caltech-curation-services/curation/old_scripts_and_forms/azurebrd/massmail/clean_emails/20060112 DIR
DIR /home/azurebrd/work/massmail/clean_emails/20081012 TO /home/azurebrd/git/caltech-curation-services/curation/old_scripts_and_forms/azurebrd/massmail/clean_emails/20081012 DIR
DIR /home/azurebrd/work/massmail/parseBounce/20120520 TO /home/azurebrd/git/caltech-curation-services/curation/old_scripts_and_forms/azurebrd/massmail/parseBounce/20120520 DIR
DIR /home/azurebrd/work/massmail/parseBounce/20121211 TO /home/azurebrd/git/caltech-curation-services/curation/old_scripts_and_forms/azurebrd/massmail/parseBounce/20121211 DIR
DIR /home/azurebrd/work/massmail/parseBounce/20140503 TO /home/azurebrd/git/caltech-curation-services/curation/old_scripts_and_forms/azurebrd/massmail/parseBounce/20140503 DIR
DIR /home/azurebrd/work/massmail/clean_emails/20081012/bounce TO /home/azurebrd/git/caltech-curation-services/curation/old_scripts_and_forms/azurebrd/massmail/clean_emails/20081012/bounce DIR
FILE /home/azurebrd/work/massmail/getacedbemail.pl TO /home/azurebrd/git/caltech-curation-services/curation/old_scripts_and_forms/azurebrd/massmail/getacedbemail.pl FILE
FILE /home/azurebrd/work/massmail/groupemails.pl TO /home/azurebrd/git/caltech-curation-services/curation/old_scripts_and_forms/azurebrd/massmail/groupemails.pl FILE
FILE /home/azurebrd/work/massmail/20030225/email_stuff.pl TO /home/azurebrd/git/caltech-curation-services/curation/old_scripts_and_forms/azurebrd/massmail/20030225/email_stuff.pl FILE
FILE /home/azurebrd/work/massmail/20031028/email_missing.pl TO /home/azurebrd/git/caltech-curation-services/curation/old_scripts_and_forms/azurebrd/massmail/20031028/email_missing.pl FILE
FILE /home/azurebrd/work/massmail/20031028/email_stuff.pl TO /home/azurebrd/git/caltech-curation-services/curation/old_scripts_and_forms/azurebrd/massmail/20031028/email_stuff.pl FILE
FILE /home/azurebrd/work/massmail/20040217/email_stuff.pl TO /home/azurebrd/git/caltech-curation-services/curation/old_scripts_and_forms/azurebrd/massmail/20040217/email_stuff.pl FILE
FILE /home/azurebrd/work/massmail/20040309Puoti/email_stuff.pl TO /home/azurebrd/git/caltech-curation-services/curation/old_scripts_and_forms/azurebrd/massmail/20040309Puoti/email_stuff.pl FILE
FILE /home/azurebrd/work/massmail/20040309Puoti/email_stuff_extension.pl TO /home/azurebrd/git/caltech-curation-services/curation/old_scripts_and_forms/azurebrd/massmail/20040309Puoti/email_stuff_extension.pl FILE
FILE /home/azurebrd/work/massmail/20040504/email_stuff.pl TO /home/azurebrd/git/caltech-curation-services/curation/old_scripts_and_forms/azurebrd/massmail/20040504/email_stuff.pl FILE
FILE /home/azurebrd/work/massmail/20040809/email_stuff.pl TO /home/azurebrd/git/caltech-curation-services/curation/old_scripts_and_forms/azurebrd/massmail/20040809/email_stuff.pl FILE
FILE /home/azurebrd/work/massmail/20041112Chalfie/email_stuff.pl TO /home/azurebrd/git/caltech-curation-services/curation/old_scripts_and_forms/azurebrd/massmail/20041112Chalfie/email_stuff.pl FILE
FILE /home/azurebrd/work/massmail/20041112Chalfie/email_stuff2.pl TO /home/azurebrd/git/caltech-curation-services/curation/old_scripts_and_forms/azurebrd/massmail/20041112Chalfie/email_stuff2.pl FILE
FILE /home/azurebrd/work/massmail/20050222/email_stuff.pl TO /home/azurebrd/git/caltech-curation-services/curation/old_scripts_and_forms/azurebrd/massmail/20050222/email_stuff.pl FILE
FILE /home/azurebrd/work/massmail/20050421/email_stuff.pl TO /home/azurebrd/git/caltech-curation-services/curation/old_scripts_and_forms/azurebrd/massmail/20050421/email_stuff.pl FILE
FILE /home/azurebrd/work/massmail/20050621/email_stuff.pl TO /home/azurebrd/git/caltech-curation-services/curation/old_scripts_and_forms/azurebrd/massmail/20050621/email_stuff.pl FILE
FILE /home/azurebrd/work/massmail/20051024survey/email_stuff.pl TO /home/azurebrd/git/caltech-curation-services/curation/old_scripts_and_forms/azurebrd/massmail/20051024survey/email_stuff.pl FILE
FILE /home/azurebrd/work/massmail/20051028survey2/email_stuff.pl TO /home/azurebrd/git/caltech-curation-services/curation/old_scripts_and_forms/azurebrd/massmail/20051028survey2/email_stuff.pl FILE
FILE /home/azurebrd/work/massmail/20060112/email_stuff.pl TO /home/azurebrd/git/caltech-curation-services/curation/old_scripts_and_forms/azurebrd/massmail/20060112/email_stuff.pl FILE
FILE /home/azurebrd/work/massmail/20060324toPIs/email_stuff.pl TO /home/azurebrd/git/caltech-curation-services/curation/old_scripts_and_forms/azurebrd/massmail/20060324toPIs/email_stuff.pl FILE
FILE /home/azurebrd/work/massmail/20060603/email_stuff.pl TO /home/azurebrd/git/caltech-curation-services/curation/old_scripts_and_forms/azurebrd/massmail/20060603/email_stuff.pl FILE
FILE /home/azurebrd/work/massmail/20061117/email_stuff.pl TO /home/azurebrd/git/caltech-curation-services/curation/old_scripts_and_forms/azurebrd/massmail/20061117/email_stuff.pl FILE
FILE /home/azurebrd/work/massmail/20070226/email_stuff.pl TO /home/azurebrd/git/caltech-curation-services/curation/old_scripts_and_forms/azurebrd/massmail/20070226/email_stuff.pl FILE
FILE /home/azurebrd/work/massmail/20070718/email_stuff.pl TO /home/azurebrd/git/caltech-curation-services/curation/old_scripts_and_forms/azurebrd/massmail/20070718/email_stuff.pl FILE
FILE /home/azurebrd/work/massmail/20071219toPIs/email_stuff.pl TO /home/azurebrd/git/caltech-curation-services/curation/old_scripts_and_forms/azurebrd/massmail/20071219toPIs/email_stuff.pl FILE
FILE /home/azurebrd/work/massmail/20071219toPIs/temp_email_stuff.pl TO /home/azurebrd/git/caltech-curation-services/curation/old_scripts_and_forms/azurebrd/massmail/20071219toPIs/temp_email_stuff.pl FILE
FILE /home/azurebrd/work/massmail/20080206toPIs/email_stuff.pl TO /home/azurebrd/git/caltech-curation-services/curation/old_scripts_and_forms/azurebrd/massmail/20080206toPIs/email_stuff.pl FILE
FILE /home/azurebrd/work/massmail/20080428_Pathogenics/email_stuff.pl TO /home/azurebrd/git/caltech-curation-services/curation/old_scripts_and_forms/azurebrd/massmail/20080428_Pathogenics/email_stuff.pl FILE
FILE /home/azurebrd/work/massmail/20080530_Pathogenics2/email_stuff.pl TO /home/azurebrd/git/caltech-curation-services/curation/old_scripts_and_forms/azurebrd/massmail/20080530_Pathogenics2/email_stuff.pl FILE
FILE /home/azurebrd/work/massmail/20081009/email_stuff.pl TO /home/azurebrd/git/caltech-curation-services/curation/old_scripts_and_forms/azurebrd/massmail/20081009/email_stuff.pl FILE
FILE /home/azurebrd/work/massmail/20090120toPIsNOTSENT/email_stuff.pl TO /home/azurebrd/git/caltech-curation-services/curation/old_scripts_and_forms/azurebrd/massmail/20090120toPIsNOTSENT/email_stuff.pl FILE
FILE /home/azurebrd/work/massmail/20090207toPIs/email_stuff.pl TO /home/azurebrd/git/caltech-curation-services/curation/old_scripts_and_forms/azurebrd/massmail/20090207toPIs/email_stuff.pl FILE
FILE /home/azurebrd/work/massmail/20090416/email_stuff.pl TO /home/azurebrd/git/caltech-curation-services/curation/old_scripts_and_forms/azurebrd/massmail/20090416/email_stuff.pl FILE
FILE /home/azurebrd/work/massmail/20091019_Jane/email_stuff.pl TO /home/azurebrd/git/caltech-curation-services/curation/old_scripts_and_forms/azurebrd/massmail/20091019_Jane/email_stuff.pl FILE
FILE /home/azurebrd/work/massmail/20091120_JulieAhringer/email_stuff.pl TO /home/azurebrd/git/caltech-curation-services/curation/old_scripts_and_forms/azurebrd/massmail/20091120_JulieAhringer/email_stuff.pl FILE
FILE /home/azurebrd/work/massmail/20091215_Jane/email_stuff.pl TO /home/azurebrd/git/caltech-curation-services/curation/old_scripts_and_forms/azurebrd/massmail/20091215_Jane/email_stuff.pl FILE
FILE /home/azurebrd/work/massmail/20100302_Madison/email_stuff.pl TO /home/azurebrd/git/caltech-curation-services/curation/old_scripts_and_forms/azurebrd/massmail/20100302_Madison/email_stuff.pl FILE
FILE /home/azurebrd/work/massmail/20100329-Ahringer/email_stuff.pl TO /home/azurebrd/git/caltech-curation-services/curation/old_scripts_and_forms/azurebrd/massmail/20100329-Ahringer/email_stuff.pl FILE
FILE /home/azurebrd/work/massmail/20100419_Jane/email_stuff.pl TO /home/azurebrd/git/caltech-curation-services/curation/old_scripts_and_forms/azurebrd/massmail/20100419_Jane/email_stuff.pl FILE
FILE /home/azurebrd/work/massmail/20100510_Madison2/email_stuff.pl TO /home/azurebrd/git/caltech-curation-services/curation/old_scripts_and_forms/azurebrd/massmail/20100510_Madison2/email_stuff.pl FILE
FILE /home/azurebrd/work/massmail/20101005_Moerman/email_stuff.pl TO /home/azurebrd/git/caltech-curation-services/curation/old_scripts_and_forms/azurebrd/massmail/20101005_Moerman/email_stuff.pl FILE
FILE /home/azurebrd/work/massmail/20110612_Jane/email_stuff.pl TO /home/azurebrd/git/caltech-curation-services/curation/old_scripts_and_forms/azurebrd/massmail/20110612_Jane/email_stuff.pl FILE
FILE /home/azurebrd/work/massmail/20111110_Jane/email_stuff.pl TO /home/azurebrd/git/caltech-curation-services/curation/old_scripts_and_forms/azurebrd/massmail/20111110_Jane/email_stuff.pl FILE
FILE /home/azurebrd/work/massmail/20111206_toPIs_development/email_stuff.pl TO /home/azurebrd/git/caltech-curation-services/curation/old_scripts_and_forms/azurebrd/massmail/20111206_toPIs_development/email_stuff.pl FILE
FILE /home/azurebrd/work/massmail/20120128_Jansen_neurobiology/email_stuff.pl TO /home/azurebrd/git/caltech-curation-services/curation/old_scripts_and_forms/azurebrd/massmail/20120128_Jansen_neurobiology/email_stuff.pl FILE
FILE /home/azurebrd/work/massmail/20120310_aging/email_stuff.pl TO /home/azurebrd/git/caltech-curation-services/curation/old_scripts_and_forms/azurebrd/massmail/20120310_aging/email_stuff.pl FILE
FILE /home/azurebrd/work/massmail/20120315_development/email_stuff.pl TO /home/azurebrd/git/caltech-curation-services/curation/old_scripts_and_forms/azurebrd/massmail/20120315_development/email_stuff.pl FILE
FILE /home/azurebrd/work/massmail/20120323_eastasia/email_stuff.pl TO /home/azurebrd/git/caltech-curation-services/curation/old_scripts_and_forms/azurebrd/massmail/20120323_eastasia/email_stuff.pl FILE
FILE /home/azurebrd/work/massmail/20120324_newsite/email_stuff.pl TO /home/azurebrd/git/caltech-curation-services/curation/old_scripts_and_forms/azurebrd/massmail/20120324_newsite/email_stuff.pl FILE
FILE /home/azurebrd/work/massmail/20120417_aging/email_stuff.pl TO /home/azurebrd/git/caltech-curation-services/curation/old_scripts_and_forms/azurebrd/massmail/20120417_aging/email_stuff.pl FILE
FILE /home/azurebrd/work/massmail/20120430_Jane/email_stuff.pl TO /home/azurebrd/git/caltech-curation-services/curation/old_scripts_and_forms/azurebrd/massmail/20120430_Jane/email_stuff.pl FILE
FILE /home/azurebrd/work/massmail/20120510_Jane/email_stuff.pl TO /home/azurebrd/git/caltech-curation-services/curation/old_scripts_and_forms/azurebrd/massmail/20120510_Jane/email_stuff.pl FILE
FILE /home/azurebrd/work/massmail/20121128_Jane/email_stuff.pl TO /home/azurebrd/git/caltech-curation-services/curation/old_scripts_and_forms/azurebrd/massmail/20121128_Jane/email_stuff.pl FILE
FILE /home/azurebrd/work/massmail/20140503_PIs_Madison/email_stuff.pl TO /home/azurebrd/git/caltech-curation-services/curation/old_scripts_and_forms/azurebrd/massmail/20140503_PIs_Madison/email_stuff.pl FILE
FILE /home/azurebrd/work/massmail/20160426_Jane/email_stuff.pl TO /home/azurebrd/git/caltech-curation-services/curation/old_scripts_and_forms/azurebrd/massmail/20160426_Jane/email_stuff.pl FILE
FILE /home/azurebrd/work/massmail/20170915_Ceci/email_stuff.pl TO /home/azurebrd/git/caltech-curation-services/curation/old_scripts_and_forms/azurebrd/massmail/20170915_Ceci/email_stuff.pl FILE
FILE /home/azurebrd/work/massmail/20201016_webinar_emails/batch_outreach.pl TO /home/azurebrd/git/caltech-curation-services/curation/old_scripts_and_forms/azurebrd/massmail/20201016_webinar_emails/batch_outreach.pl FILE
FILE /home/azurebrd/work/massmail/20201103_webinar_PIs/email_stuff.pl TO /home/azurebrd/git/caltech-curation-services/curation/old_scripts_and_forms/azurebrd/massmail/20201103_webinar_PIs/email_stuff.pl FILE
FILE /home/azurebrd/work/massmail/20201105_webinar_emails/batch_outreach.pl TO /home/azurebrd/git/caltech-curation-services/curation/old_scripts_and_forms/azurebrd/massmail/20201105_webinar_emails/batch_outreach.pl FILE
FILE /home/azurebrd/work/massmail/20201108_webinar_emails/batch_outreach.pl TO /home/azurebrd/git/caltech-curation-services/curation/old_scripts_and_forms/azurebrd/massmail/20201108_webinar_emails/batch_outreach.pl FILE
FILE /home/azurebrd/work/massmail/20201117_webinar_emails/batch_outreach.pl TO /home/azurebrd/git/caltech-curation-services/curation/old_scripts_and_forms/azurebrd/massmail/20201117_webinar_emails/batch_outreach.pl FILE
FILE /home/azurebrd/work/massmail/20201119_webinar_emails/batch_outreach.pl TO /home/azurebrd/git/caltech-curation-services/curation/old_scripts_and_forms/azurebrd/massmail/20201119_webinar_emails/batch_outreach.pl FILE
FILE /home/azurebrd/work/massmail/20201215_webinar_emails/batch_outreach.pl TO /home/azurebrd/git/caltech-curation-services/curation/old_scripts_and_forms/azurebrd/massmail/20201215_webinar_emails/batch_outreach.pl FILE
FILE /home/azurebrd/work/massmail/20201217_webinar_emails/batch_outreach.pl TO /home/azurebrd/git/caltech-curation-services/curation/old_scripts_and_forms/azurebrd/massmail/20201217_webinar_emails/batch_outreach.pl FILE
FILE /home/azurebrd/work/massmail/20210108_webinar_emails/batch_outreach.pl TO /home/azurebrd/git/caltech-curation-services/curation/old_scripts_and_forms/azurebrd/massmail/20210108_webinar_emails/batch_outreach.pl FILE
FILE /home/azurebrd/work/massmail/20210110_webinar_emails/batch_outreach.pl TO /home/azurebrd/git/caltech-curation-services/curation/old_scripts_and_forms/azurebrd/massmail/20210110_webinar_emails/batch_outreach.pl FILE
FILE /home/azurebrd/work/massmail/20210218_webinar_emails/batch_outreach.pl TO /home/azurebrd/git/caltech-curation-services/curation/old_scripts_and_forms/azurebrd/massmail/20210218_webinar_emails/batch_outreach.pl FILE
FILE /home/azurebrd/work/massmail/20210221_webinar_emails/batch_outreach.pl TO /home/azurebrd/git/caltech-curation-services/curation/old_scripts_and_forms/azurebrd/massmail/20210221_webinar_emails/batch_outreach.pl FILE
FILE /home/azurebrd/work/massmail/20210223_webinar_emails/batch_outreach.pl TO /home/azurebrd/git/caltech-curation-services/curation/old_scripts_and_forms/azurebrd/massmail/20210223_webinar_emails/batch_outreach.pl FILE
FILE /home/azurebrd/work/massmail/20210225_webinar_emails/batch_outreach.pl TO /home/azurebrd/git/caltech-curation-services/curation/old_scripts_and_forms/azurebrd/massmail/20210225_webinar_emails/batch_outreach.pl FILE
FILE /home/azurebrd/work/massmail/20210304_webinar_emails/batch_outreach.pl TO /home/azurebrd/git/caltech-curation-services/curation/old_scripts_and_forms/azurebrd/massmail/20210304_webinar_emails/batch_outreach.pl FILE
FILE /home/azurebrd/work/massmail/20210306_webinar_emails/batch_outreach.pl TO /home/azurebrd/git/caltech-curation-services/curation/old_scripts_and_forms/azurebrd/massmail/20210306_webinar_emails/batch_outreach.pl FILE
FILE /home/azurebrd/work/massmail/20210319_webinar_email/batch_outreach.pl TO /home/azurebrd/git/caltech-curation-services/curation/old_scripts_and_forms/azurebrd/massmail/20210319_webinar_email/batch_outreach.pl FILE
FILE /home/azurebrd/work/massmail/20210320_webinar_emails/batch_outreach.pl TO /home/azurebrd/git/caltech-curation-services/curation/old_scripts_and_forms/azurebrd/massmail/20210320_webinar_emails/batch_outreach.pl FILE
FILE /home/azurebrd/work/massmail/European/email_stuff.pl TO /home/azurebrd/git/caltech-curation-services/curation/old_scripts_and_forms/azurebrd/massmail/European/email_stuff.pl FILE
FILE /home/azurebrd/work/massmail/parseBounce/parseBounce.pl TO /home/azurebrd/git/caltech-curation-services/curation/old_scripts_and_forms/azurebrd/massmail/parseBounce/parseBounce.pl FILE
FILE /home/azurebrd/work/massmail/clean_emails/20051104/move_bounced_emails_to_two_old_email.pl TO /home/azurebrd/git/caltech-curation-services/curation/old_scripts_and_forms/azurebrd/massmail/clean_emails/20051104/move_bounced_emails_to_two_old_email.pl FILE
FILE /home/azurebrd/work/massmail/clean_emails/20060112/move_bounced_emails_to_two_old_email.pl TO /home/azurebrd/git/caltech-curation-services/curation/old_scripts_and_forms/azurebrd/massmail/clean_emails/20060112/move_bounced_emails_to_two_old_email.pl FILE
FILE /home/azurebrd/work/massmail/clean_emails/20081012/move_bounced_emails_to_two_old_email.pl TO /home/azurebrd/git/caltech-curation-services/curation/old_scripts_and_forms/azurebrd/massmail/clean_emails/20081012/move_bounced_emails_to_two_old_email.pl FILE
